<?xml version="1.0" encoding="UTF-8"?>
<!-- Generated by org.testng.reporters.JUnitReportReporter -->
<testsuite hostname="DESKTOP-JF1S6BJ" name="org.testng.Amazon" tests="10" failures="0" timestamp="25 Mar 2022 09:56:04 GMT" time="88.949" errors="0">
  <testcase name="tc01" time="8.477" classname="org.testng.Amazon"/>
  <testcase name="tc01" time="9.047" classname="org.testng.Amazon"/>
  <testcase name="tc01" time="8.594" classname="org.testng.Amazon"/>
  <testcase name="tc01" time="11.597" classname="org.testng.Amazon"/>
  <testcase name="tc01" time="10.836" classname="org.testng.Amazon"/>
  <testcase name="tc01" time="6.921" classname="org.testng.Amazon"/>
  <testcase name="tc01" time="7.503" classname="org.testng.Amazon"/>
  <testcase name="tc01" time="9.030" classname="org.testng.Amazon"/>
  <testcase name="tc01" time="8.809" classname="org.testng.Amazon"/>
  <testcase name="tc01" time="8.135" classname="org.testng.Amazon"/>
</testsuite> <!-- org.testng.Amazon -->
