<?xml version="1.0" encoding="UTF-8"?>
<!-- Generated by org.testng.reporters.JUnitReportReporter -->
<testsuite hostname="DESKTOP-JF1S6BJ" name="org.testng.TestNg" tests="5" failures="0" timestamp="24 Mar 2022 05:37:50 GMT" time="0.015" errors="0">
  <testcase name="tc01" time="0.015" classname="org.testng.TestNg"/>
  <testcase name="tc02" time="0.000" classname="org.testng.TestNg"/>
  <testcase name="tc02" time="0.000" classname="org.testng.TestNg"/>
  <testcase name="tc02" time="0.000" classname="org.testng.TestNg"/>
  <testcase name="tc04" time="0.000" classname="org.testng.TestNg"/>
</testsuite> <!-- org.testng.TestNg -->
